<?xml version="1.0" encoding="UTF-8"?>
<!-- Generated by org.testng.reporters.JUnitReportReporter -->
<testsuite hostname="INFPHSZF0042" name="Test_Cases.Specific_date_API_test" tests="1" failures="0" timestamp="23 May 2020 09:26:48 GMT" time="3.339" errors="0">
  <testcase name="Get_Responce" time="3.339" classname="Test_Cases.Specific_date_API_test"/>
</testsuite> <!-- Test_Cases.Specific_date_API_test -->
